d:\repo\my projects\psycho engine\intermediate\psycho engine\debug\psycho engine.pch
d:\repo\my projects\psycho engine\intermediate\psycho engine\debug\vc143.pdb
d:\repo\my projects\psycho engine\intermediate\psycho engine\debug\vc143.idb
d:\repo\my projects\psycho engine\intermediate\psycho engine\debug\pch.obj
d:\repo\my projects\psycho engine\intermediate\psycho engine\debug\application.obj
d:\repo\my projects\psycho engine\intermediate\psycho engine\debug\renderer.obj
d:\repo\my projects\psycho engine\intermediate\psycho engine\debug\dxgifactory.obj
d:\repo\my projects\psycho engine\intermediate\psycho engine\debug\dxgiadapter.obj
d:\repo\my projects\psycho engine\intermediate\psycho engine\debug\dx12commandqueue.obj
d:\repo\my projects\psycho engine\intermediate\psycho engine\debug\input.obj
d:\repo\my projects\psycho engine\intermediate\psycho engine\debug\dx12debug.obj
d:\repo\my projects\psycho engine\intermediate\psycho engine\debug\dxgidebug.obj
d:\repo\my projects\psycho engine\intermediate\psycho engine\debug\dx12commandlist.obj
d:\repo\my projects\psycho engine\intermediate\psycho engine\debug\dx12device.obj
d:\repo\my projects\psycho engine\intermediate\psycho engine\debug\dxgiswapchain.obj
d:\repo\my projects\psycho engine\bin\debug\psycho engine.dll
d:\repo\my projects\psycho engine\bin\debug\psycho engine.pdb
d:\repo\my projects\psycho engine\bin\debug\psycho engine.lib
d:\repo\my projects\psycho engine\bin\debug\psycho engine.exp
d:\repo\my projects\psycho engine\intermediate\psycho engine\debug\psycho engine.ilk
d:\repo\my projects\psycho engine\intermediate\psycho engine\debug\d3d12device.obj
d:\repo\my projects\psycho engine\intermediate\psycho engine\debug\psycho engine.vcxproj.filelistabsolute.txt
d:\repo\my projects\psycho engine\intermediate\psycho engine\debug\psycho engine.tlog\cl.command.1.tlog
d:\repo\my projects\psycho engine\intermediate\psycho engine\debug\psycho engine.tlog\cl.items.tlog
d:\repo\my projects\psycho engine\intermediate\psycho engine\debug\psycho engine.tlog\cl.read.1.tlog
d:\repo\my projects\psycho engine\intermediate\psycho engine\debug\psycho engine.tlog\cl.write.1.tlog
d:\repo\my projects\psycho engine\intermediate\psycho engine\debug\psycho engine.tlog\link.command.1.tlog
d:\repo\my projects\psycho engine\intermediate\psycho engine\debug\psycho engine.tlog\link.read.1.tlog
d:\repo\my projects\psycho engine\intermediate\psycho engine\debug\psycho engine.tlog\link.secondary.1.tlog
d:\repo\my projects\psycho engine\intermediate\psycho engine\debug\psycho engine.tlog\link.write.1.tlog
